<?xml version="1.0" encoding="UTF-8"?>
<testng-results ignored="0" total="17" passed="17" failed="0" skipped="0">
  <reporter-output>
  </reporter-output>
  <suite started-at="2026-09-17T19:08:22 CDT" name="Default suite" finished-at="2026-09-17T19:09:34 CDT" duration-ms="72284">
    <groups>
      <group name="cucumber">
        <method signature="AbstractTestNGCucumberTests.runScenario(io.cucumber.testng.PickleWrapper,io.cucumber.testng.FeatureWrapper)[pri:0, instance:com.parabank.automation.runner.TestRunner@7dc0f706]" name="runScenario" class="io.cucumber.testng.AbstractTestNGCucumberTests"/>
      </group> <!-- cucumber -->
    </groups>
    <test started-at="2026-09-17T19:08:22 CDT" name="Default test" finished-at="2026-09-17T19:09:34 CDT" duration-ms="72284">
      <class name="com.parabank.automation.runner.TestRunner">
        <test-method is-config="true" signature="setUpClass(org.testng.ITestContext)[pri:0, instance:com.parabank.automation.runner.TestRunner@7dc0f706]" started-at="2026-09-17T19:08:22 CDT" name="setUpClass" finished-at="2026-09-17T19:08:23 CDT" duration-ms="1237" status="PASS">
          <params>
            <param index="0">
              <value>
                <![CDATA[org.testng.TestRunner@3e668743]]>
              </value>
            </param>
          </params>
          <reporter-output>
          </reporter-output>
        </test-method> <!-- setUpClass -->
        <test-method signature="runScenario(io.cucumber.testng.PickleWrapper,io.cucumber.testng.FeatureWrapper)[pri:0, instance:com.parabank.automation.runner.TestRunner@7dc0f706]" started-at="2026-09-17T19:08:23 CDT" name="runScenario" description="Runs Cucumber Scenarios" data-provider="scenarios" finished-at="2026-09-17T19:08:34 CDT" duration-ms="10943" status="PASS">
          <params>
            <param index="0">
              <value>
                <![CDATA["Verify Accounts Overview displays the logged-in user's accounts with balance"]]>
              </value>
            </param>
            <param index="1">
              <value>
                <![CDATA["Validate the functionality Accounts Overview module"]]>
              </value>
            </param>
          </params>
          <reporter-output>
          </reporter-output>
        </test-method> <!-- runScenario -->
        <test-method signature="runScenario(io.cucumber.testng.PickleWrapper,io.cucumber.testng.FeatureWrapper)[pri:0, instance:com.parabank.automation.runner.TestRunner@7dc0f706]" started-at="2026-09-17T19:08:34 CDT" name="runScenario" description="Runs Cucumber Scenarios" data-provider="scenarios" finished-at="2026-09-17T19:08:43 CDT" duration-ms="8430" status="PASS">
          <params>
            <param index="0">
              <value>
                <![CDATA["Verify clicking an account number navigates to that account's Account Activity page"]]>
              </value>
            </param>
            <param index="1">
              <value>
                <![CDATA["Validate the functionality Accounts Overview module"]]>
              </value>
            </param>
          </params>
          <reporter-output>
          </reporter-output>
        </test-method> <!-- runScenario -->
        <test-method signature="runScenario(io.cucumber.testng.PickleWrapper,io.cucumber.testng.FeatureWrapper)[pri:0, instance:com.parabank.automation.runner.TestRunner@7dc0f706]" started-at="2026-09-17T19:08:43 CDT" name="runScenario" description="Runs Cucumber Scenarios" data-provider="scenarios" finished-at="2026-09-17T19:08:47 CDT" duration-ms="3862" status="PASS">
          <params>
            <param index="0">
              <value>
                <![CDATA["Verify a newly created account (via API) appears in the Accounts Overview list"]]>
              </value>
            </param>
            <param index="1">
              <value>
                <![CDATA["Validate the functionality Accounts Overview module"]]>
              </value>
            </param>
          </params>
          <reporter-output>
          </reporter-output>
        </test-method> <!-- runScenario -->
        <test-method signature="runScenario(io.cucumber.testng.PickleWrapper,io.cucumber.testng.FeatureWrapper)[pri:0, instance:com.parabank.automation.runner.TestRunner@7dc0f706]" started-at="2026-09-17T19:08:47 CDT" name="runScenario" description="Runs Cucumber Scenarios" data-provider="scenarios" finished-at="2026-09-17T19:08:50 CDT" duration-ms="3278" status="PASS">
          <params>
            <param index="0">
              <value>
                <![CDATA["Verify the displayed Total matches the sum of individual account balances"]]>
              </value>
            </param>
            <param index="1">
              <value>
                <![CDATA["Validate the functionality Accounts Overview module"]]>
              </value>
            </param>
          </params>
          <reporter-output>
          </reporter-output>
        </test-method> <!-- runScenario -->
        <test-method signature="runScenario(io.cucumber.testng.PickleWrapper,io.cucumber.testng.FeatureWrapper)[pri:0, instance:com.parabank.automation.runner.TestRunner@7dc0f706]" started-at="2026-09-17T19:08:50 CDT" name="runScenario" description="Runs Cucumber Scenarios" data-provider="scenarios" finished-at="2026-09-17T19:08:53 CDT" duration-ms="2716" status="PASS">
          <params>
            <param index="0">
              <value>
                <![CDATA["Verify login with valid credentials"]]>
              </value>
            </param>
            <param index="1">
              <value>
                <![CDATA["Validate the user login into Parabank application"]]>
              </value>
            </param>
          </params>
          <reporter-output>
          </reporter-output>
        </test-method> <!-- runScenario -->
        <test-method signature="runScenario(io.cucumber.testng.PickleWrapper,io.cucumber.testng.FeatureWrapper)[pri:0, instance:com.parabank.automation.runner.TestRunner@7dc0f706]" started-at="2026-09-17T19:08:53 CDT" name="runScenario" description="Runs Cucumber Scenarios" data-provider="scenarios" finished-at="2026-09-17T19:08:55 CDT" duration-ms="2512" status="PASS">
          <params>
            <param index="0">
              <value>
                <![CDATA["Verify login with invalid username"]]>
              </value>
            </param>
            <param index="1">
              <value>
                <![CDATA["Validate the user login into Parabank application"]]>
              </value>
            </param>
          </params>
          <reporter-output>
          </reporter-output>
        </test-method> <!-- runScenario -->
        <test-method signature="runScenario(io.cucumber.testng.PickleWrapper,io.cucumber.testng.FeatureWrapper)[pri:0, instance:com.parabank.automation.runner.TestRunner@7dc0f706]" started-at="2026-09-17T19:08:55 CDT" name="runScenario" description="Runs Cucumber Scenarios" data-provider="scenarios" finished-at="2026-09-17T19:08:58 CDT" duration-ms="2456" status="PASS">
          <params>
            <param index="0">
              <value>
                <![CDATA["Verify login with invalid password"]]>
              </value>
            </param>
            <param index="1">
              <value>
                <![CDATA["Validate the user login into Parabank application"]]>
              </value>
            </param>
          </params>
          <reporter-output>
          </reporter-output>
        </test-method> <!-- runScenario -->
        <test-method signature="runScenario(io.cucumber.testng.PickleWrapper,io.cucumber.testng.FeatureWrapper)[pri:0, instance:com.parabank.automation.runner.TestRunner@7dc0f706]" started-at="2026-09-17T19:08:58 CDT" name="runScenario" description="Runs Cucumber Scenarios" data-provider="scenarios" finished-at="2026-09-17T19:09:00 CDT" duration-ms="2331" status="PASS">
          <params>
            <param index="0">
              <value>
                <![CDATA["Verify login with empty username and password"]]>
              </value>
            </param>
            <param index="1">
              <value>
                <![CDATA["Validate the user login into Parabank application"]]>
              </value>
            </param>
          </params>
          <reporter-output>
          </reporter-output>
        </test-method> <!-- runScenario -->
        <test-method signature="runScenario(io.cucumber.testng.PickleWrapper,io.cucumber.testng.FeatureWrapper)[pri:0, instance:com.parabank.automation.runner.TestRunner@7dc0f706]" started-at="2026-09-17T19:09:00 CDT" name="runScenario" description="Runs Cucumber Scenarios" data-provider="scenarios" finished-at="2026-09-17T19:09:03 CDT" duration-ms="2716" status="PASS">
          <params>
            <param index="0">
              <value>
                <![CDATA["Verify logout functionality"]]>
              </value>
            </param>
            <param index="1">
              <value>
                <![CDATA["Validate the user login into Parabank application"]]>
              </value>
            </param>
          </params>
          <reporter-output>
          </reporter-output>
        </test-method> <!-- runScenario -->
        <test-method signature="runScenario(io.cucumber.testng.PickleWrapper,io.cucumber.testng.FeatureWrapper)[pri:0, instance:com.parabank.automation.runner.TestRunner@7dc0f706]" started-at="2026-09-17T19:09:03 CDT" name="runScenario" description="Runs Cucumber Scenarios" data-provider="scenarios" finished-at="2026-09-17T19:09:04 CDT" duration-ms="1865" status="PASS">
          <params>
            <param index="0">
              <value>
                <![CDATA["Verify direct Accounts Overview URL access while logged out"]]>
              </value>
            </param>
            <param index="1">
              <value>
                <![CDATA["Validate the user login into Parabank application"]]>
              </value>
            </param>
          </params>
          <reporter-output>
          </reporter-output>
        </test-method> <!-- runScenario -->
        <test-method signature="runScenario(io.cucumber.testng.PickleWrapper,io.cucumber.testng.FeatureWrapper)[pri:0, instance:com.parabank.automation.runner.TestRunner@7dc0f706]" started-at="2026-09-17T19:09:04 CDT" name="runScenario" description="Runs Cucumber Scenarios" data-provider="scenarios" finished-at="2026-09-17T19:09:09 CDT" duration-ms="4392" status="PASS">
          <params>
            <param index="0">
              <value>
                <![CDATA["Verify opening a new CHECKING account funded from an existing account, and confirm it appears in Accounts Overview"]]>
              </value>
            </param>
            <param index="1">
              <value>
                <![CDATA["Validate the user can open new account in Parabank application"]]>
              </value>
            </param>
          </params>
          <reporter-output>
          </reporter-output>
        </test-method> <!-- runScenario -->
        <test-method signature="runScenario(io.cucumber.testng.PickleWrapper,io.cucumber.testng.FeatureWrapper)[pri:0, instance:com.parabank.automation.runner.TestRunner@7dc0f706]" started-at="2026-09-17T19:09:09 CDT" name="runScenario" description="Runs Cucumber Scenarios" data-provider="scenarios" finished-at="2026-09-17T19:09:13 CDT" duration-ms="4199" status="PASS">
          <params>
            <param index="0">
              <value>
                <![CDATA["Verify opening a new SAVINGS account funded from an existing account, and confirm it appears in Accounts Overview"]]>
              </value>
            </param>
            <param index="1">
              <value>
                <![CDATA["Validate the user can open new account in Parabank application"]]>
              </value>
            </param>
          </params>
          <reporter-output>
          </reporter-output>
        </test-method> <!-- runScenario -->
        <test-method signature="runScenario(io.cucumber.testng.PickleWrapper,io.cucumber.testng.FeatureWrapper)[pri:0, instance:com.parabank.automation.runner.TestRunner@7dc0f706]" started-at="2026-09-17T19:09:13 CDT" name="runScenario" description="Runs Cucumber Scenarios" data-provider="scenarios" finished-at="2026-09-17T19:09:17 CDT" duration-ms="4102" status="PASS">
          <params>
            <param index="0">
              <value>
                <![CDATA["Verify opening a new account funded from an account with a negative balance is not blocked"]]>
              </value>
            </param>
            <param index="1">
              <value>
                <![CDATA["Validate the user can open new account in Parabank application"]]>
              </value>
            </param>
          </params>
          <reporter-output>
          </reporter-output>
        </test-method> <!-- runScenario -->
        <test-method signature="runScenario(io.cucumber.testng.PickleWrapper,io.cucumber.testng.FeatureWrapper)[pri:0, instance:com.parabank.automation.runner.TestRunner@7dc0f706]" started-at="2026-09-17T19:09:17 CDT" name="runScenario" description="Runs Cucumber Scenarios" data-provider="scenarios" finished-at="2026-09-17T19:09:21 CDT" duration-ms="3851" status="PASS">
          <params>
            <param index="0">
              <value>
                <![CDATA["Verify registration with all valid details"]]>
              </value>
            </param>
            <param index="1">
              <value>
                <![CDATA["Validate the user registration into Parabank application"]]>
              </value>
            </param>
          </params>
          <reporter-output>
          </reporter-output>
        </test-method> <!-- runScenario -->
        <test-method signature="runScenario(io.cucumber.testng.PickleWrapper,io.cucumber.testng.FeatureWrapper)[pri:0, instance:com.parabank.automation.runner.TestRunner@7dc0f706]" started-at="2026-09-17T19:09:21 CDT" name="runScenario" description="Runs Cucumber Scenarios" data-provider="scenarios" finished-at="2026-09-17T19:09:27 CDT" duration-ms="6022" status="PASS">
          <params>
            <param index="0">
              <value>
                <![CDATA["Verify registration with duplicate username"]]>
              </value>
            </param>
            <param index="1">
              <value>
                <![CDATA["Validate the user registration into Parabank application"]]>
              </value>
            </param>
          </params>
          <reporter-output>
          </reporter-output>
        </test-method> <!-- runScenario -->
        <test-method signature="runScenario(io.cucumber.testng.PickleWrapper,io.cucumber.testng.FeatureWrapper)[pri:0, instance:com.parabank.automation.runner.TestRunner@7dc0f706]" started-at="2026-09-17T19:09:27 CDT" name="runScenario" description="Runs Cucumber Scenarios" data-provider="scenarios" finished-at="2026-09-17T19:09:31 CDT" duration-ms="3750" status="PASS">
          <params>
            <param index="0">
              <value>
                <![CDATA["Verify registration with mismatched passwords"]]>
              </value>
            </param>
            <param index="1">
              <value>
                <![CDATA["Validate the user registration into Parabank application"]]>
              </value>
            </param>
          </params>
          <reporter-output>
          </reporter-output>
        </test-method> <!-- runScenario -->
        <test-method signature="runScenario(io.cucumber.testng.PickleWrapper,io.cucumber.testng.FeatureWrapper)[pri:0, instance:com.parabank.automation.runner.TestRunner@7dc0f706]" started-at="2026-09-17T19:09:31 CDT" name="runScenario" description="Runs Cucumber Scenarios" data-provider="scenarios" finished-at="2026-09-17T19:09:34 CDT" duration-ms="3419" status="PASS">
          <params>
            <param index="0">
              <value>
                <![CDATA["Verify mandatory field validation on empty submission"]]>
              </value>
            </param>
            <param index="1">
              <value>
                <![CDATA["Validate the user registration into Parabank application"]]>
              </value>
            </param>
          </params>
          <reporter-output>
          </reporter-output>
        </test-method> <!-- runScenario -->
        <test-method is-config="true" signature="tearDownClass()[pri:0, instance:com.parabank.automation.runner.TestRunner@7dc0f706]" started-at="2026-09-17T19:09:34 CDT" name="tearDownClass" finished-at="2026-09-17T19:09:34 CDT" duration-ms="42" status="PASS">
          <reporter-output>
          </reporter-output>
        </test-method> <!-- tearDownClass -->
      </class> <!-- com.parabank.automation.runner.TestRunner -->
    </test> <!-- Default test -->
  </suite> <!-- Default suite -->
</testng-results>
