<?xml version="1.0" encoding="UTF-8"?>
<testng-results ignored="0" total="10" passed="10" failed="0" skipped="0">
  <reporter-output>
  </reporter-output>
  <suite started-at="2026-09-13T00:08:46 CDT" name="Default suite" finished-at="2026-09-13T00:09:29 CDT" duration-ms="43173">
    <groups>
      <group name="cucumber">
        <method signature="AbstractTestNGCucumberTests.runScenario(io.cucumber.testng.PickleWrapper,io.cucumber.testng.FeatureWrapper)[pri:0, instance:com.parabank.automation.runner.TestRunner@7dc0f706]" name="runScenario" class="io.cucumber.testng.AbstractTestNGCucumberTests"/>
      </group> <!-- cucumber -->
    </groups>
    <test started-at="2026-09-13T00:08:46 CDT" name="Default test" finished-at="2026-09-13T00:09:29 CDT" duration-ms="43173">
      <class name="com.parabank.automation.runner.TestRunner">
        <test-method is-config="true" signature="setUpClass(org.testng.ITestContext)[pri:0, instance:com.parabank.automation.runner.TestRunner@7dc0f706]" started-at="2026-09-13T00:08:46 CDT" name="setUpClass" finished-at="2026-09-13T00:08:47 CDT" duration-ms="1052" status="PASS">
          <params>
            <param index="0">
              <value>
                <![CDATA[org.testng.TestRunner@10b87ff6]]>
              </value>
            </param>
          </params>
          <reporter-output>
          </reporter-output>
        </test-method> <!-- setUpClass -->
        <test-method signature="runScenario(io.cucumber.testng.PickleWrapper,io.cucumber.testng.FeatureWrapper)[pri:0, instance:com.parabank.automation.runner.TestRunner@7dc0f706]" started-at="2026-09-13T00:08:47 CDT" name="runScenario" description="Runs Cucumber Scenarios" data-provider="scenarios" finished-at="2026-09-13T00:08:53 CDT" duration-ms="5771" status="PASS">
          <params>
            <param index="0">
              <value>
                <![CDATA["Verify login with valid credentials"]]>
              </value>
            </param>
            <param index="1">
              <value>
                <![CDATA["Validate the user login into Parabank application"]]>
              </value>
            </param>
          </params>
          <reporter-output>
          </reporter-output>
        </test-method> <!-- runScenario -->
        <test-method signature="runScenario(io.cucumber.testng.PickleWrapper,io.cucumber.testng.FeatureWrapper)[pri:0, instance:com.parabank.automation.runner.TestRunner@7dc0f706]" started-at="2026-09-13T00:08:53 CDT" name="runScenario" description="Runs Cucumber Scenarios" data-provider="scenarios" finished-at="2026-09-13T00:08:56 CDT" duration-ms="3188" status="PASS">
          <params>
            <param index="0">
              <value>
                <![CDATA["Verify login with invalid username"]]>
              </value>
            </param>
            <param index="1">
              <value>
                <![CDATA["Validate the user login into Parabank application"]]>
              </value>
            </param>
          </params>
          <reporter-output>
          </reporter-output>
        </test-method> <!-- runScenario -->
        <test-method signature="runScenario(io.cucumber.testng.PickleWrapper,io.cucumber.testng.FeatureWrapper)[pri:0, instance:com.parabank.automation.runner.TestRunner@7dc0f706]" started-at="2026-09-13T00:08:56 CDT" name="runScenario" description="Runs Cucumber Scenarios" data-provider="scenarios" finished-at="2026-09-13T00:09:00 CDT" duration-ms="3308" status="PASS">
          <params>
            <param index="0">
              <value>
                <![CDATA["Verify login with invalid password"]]>
              </value>
            </param>
            <param index="1">
              <value>
                <![CDATA["Validate the user login into Parabank application"]]>
              </value>
            </param>
          </params>
          <reporter-output>
          </reporter-output>
        </test-method> <!-- runScenario -->
        <test-method signature="runScenario(io.cucumber.testng.PickleWrapper,io.cucumber.testng.FeatureWrapper)[pri:0, instance:com.parabank.automation.runner.TestRunner@7dc0f706]" started-at="2026-09-13T00:09:00 CDT" name="runScenario" description="Runs Cucumber Scenarios" data-provider="scenarios" finished-at="2026-09-13T00:09:03 CDT" duration-ms="3144" status="PASS">
          <params>
            <param index="0">
              <value>
                <![CDATA["Verify login with empty username and password"]]>
              </value>
            </param>
            <param index="1">
              <value>
                <![CDATA["Validate the user login into Parabank application"]]>
              </value>
            </param>
          </params>
          <reporter-output>
          </reporter-output>
        </test-method> <!-- runScenario -->
        <test-method signature="runScenario(io.cucumber.testng.PickleWrapper,io.cucumber.testng.FeatureWrapper)[pri:0, instance:com.parabank.automation.runner.TestRunner@7dc0f706]" started-at="2026-09-13T00:09:03 CDT" name="runScenario" description="Runs Cucumber Scenarios" data-provider="scenarios" finished-at="2026-09-13T00:09:07 CDT" duration-ms="3859" status="PASS">
          <params>
            <param index="0">
              <value>
                <![CDATA["Verify logout functionality"]]>
              </value>
            </param>
            <param index="1">
              <value>
                <![CDATA["Validate the user login into Parabank application"]]>
              </value>
            </param>
          </params>
          <reporter-output>
          </reporter-output>
        </test-method> <!-- runScenario -->
        <test-method signature="runScenario(io.cucumber.testng.PickleWrapper,io.cucumber.testng.FeatureWrapper)[pri:0, instance:com.parabank.automation.runner.TestRunner@7dc0f706]" started-at="2026-09-13T00:09:07 CDT" name="runScenario" description="Runs Cucumber Scenarios" data-provider="scenarios" finished-at="2026-09-13T00:09:09 CDT" duration-ms="2640" status="PASS">
          <params>
            <param index="0">
              <value>
                <![CDATA["Verify direct Accounts Overview URL access while logged out"]]>
              </value>
            </param>
            <param index="1">
              <value>
                <![CDATA["Validate the user login into Parabank application"]]>
              </value>
            </param>
          </params>
          <reporter-output>
          </reporter-output>
        </test-method> <!-- runScenario -->
        <test-method signature="runScenario(io.cucumber.testng.PickleWrapper,io.cucumber.testng.FeatureWrapper)[pri:0, instance:com.parabank.automation.runner.TestRunner@7dc0f706]" started-at="2026-09-13T00:09:09 CDT" name="runScenario" description="Runs Cucumber Scenarios" data-provider="scenarios" finished-at="2026-09-13T00:09:14 CDT" duration-ms="4465" status="PASS">
          <params>
            <param index="0">
              <value>
                <![CDATA["Verify registration with all valid details"]]>
              </value>
            </param>
            <param index="1">
              <value>
                <![CDATA["Validate the user registration into Parabank application"]]>
              </value>
            </param>
          </params>
          <reporter-output>
          </reporter-output>
        </test-method> <!-- runScenario -->
        <test-method signature="runScenario(io.cucumber.testng.PickleWrapper,io.cucumber.testng.FeatureWrapper)[pri:0, instance:com.parabank.automation.runner.TestRunner@7dc0f706]" started-at="2026-09-13T00:09:14 CDT" name="runScenario" description="Runs Cucumber Scenarios" data-provider="scenarios" finished-at="2026-09-13T00:09:21 CDT" duration-ms="7251" status="PASS">
          <params>
            <param index="0">
              <value>
                <![CDATA["Verify registration with duplicate username"]]>
              </value>
            </param>
            <param index="1">
              <value>
                <![CDATA["Validate the user registration into Parabank application"]]>
              </value>
            </param>
          </params>
          <reporter-output>
          </reporter-output>
        </test-method> <!-- runScenario -->
        <test-method signature="runScenario(io.cucumber.testng.PickleWrapper,io.cucumber.testng.FeatureWrapper)[pri:0, instance:com.parabank.automation.runner.TestRunner@7dc0f706]" started-at="2026-09-13T00:09:21 CDT" name="runScenario" description="Runs Cucumber Scenarios" data-provider="scenarios" finished-at="2026-09-13T00:09:26 CDT" duration-ms="4589" status="PASS">
          <params>
            <param index="0">
              <value>
                <![CDATA["Verify registration with mismatched passwords"]]>
              </value>
            </param>
            <param index="1">
              <value>
                <![CDATA["Validate the user registration into Parabank application"]]>
              </value>
            </param>
          </params>
          <reporter-output>
          </reporter-output>
        </test-method> <!-- runScenario -->
        <test-method signature="runScenario(io.cucumber.testng.PickleWrapper,io.cucumber.testng.FeatureWrapper)[pri:0, instance:com.parabank.automation.runner.TestRunner@7dc0f706]" started-at="2026-09-13T00:09:26 CDT" name="runScenario" description="Runs Cucumber Scenarios" data-provider="scenarios" finished-at="2026-09-13T00:09:29 CDT" duration-ms="3794" status="PASS">
          <params>
            <param index="0">
              <value>
                <![CDATA["Verify mandatory field validation on empty submission"]]>
              </value>
            </param>
            <param index="1">
              <value>
                <![CDATA["Validate the user registration into Parabank application"]]>
              </value>
            </param>
          </params>
          <reporter-output>
          </reporter-output>
        </test-method> <!-- runScenario -->
        <test-method is-config="true" signature="tearDownClass()[pri:0, instance:com.parabank.automation.runner.TestRunner@7dc0f706]" started-at="2026-09-13T00:09:29 CDT" name="tearDownClass" finished-at="2026-09-13T00:09:29 CDT" duration-ms="29" status="PASS">
          <reporter-output>
          </reporter-output>
        </test-method> <!-- tearDownClass -->
      </class> <!-- com.parabank.automation.runner.TestRunner -->
    </test> <!-- Default test -->
  </suite> <!-- Default suite -->
</testng-results>
