<?xml version="1.0" encoding="UTF-8"?>
<!-- Generated by org.testng.reporters.JUnitReportReporter -->
<testsuite hostname="DESKTOP-30PD3D5" failures="0" tests="17" name="com.parabank.automation.runner.TestRunner" time="70.844" errors="0" timestamp="2026-09-17T19:09:34 CDT" skipped="0">
  <testcase classname="com.parabank.automation.runner.TestRunner" name="runScenario" time="2.456"/>
  <testcase classname="com.parabank.automation.runner.TestRunner" name="runScenario" time="4.102"/>
  <testcase classname="com.parabank.automation.runner.TestRunner" name="runScenario" time="2.331"/>
  <testcase classname="com.parabank.automation.runner.TestRunner" name="runScenario" time="3.419"/>
  <testcase classname="com.parabank.automation.runner.TestRunner" name="runScenario" time="2.512"/>
  <testcase classname="com.parabank.automation.runner.TestRunner" name="runScenario" time="3.851"/>
  <testcase classname="com.parabank.automation.runner.TestRunner" name="runScenario" time="1.865"/>
  <testcase classname="com.parabank.automation.runner.TestRunner" name="runScenario" time="2.716"/>
  <testcase classname="com.parabank.automation.runner.TestRunner" name="runScenario" time="10.943"/>
  <testcase classname="com.parabank.automation.runner.TestRunner" name="runScenario" time="3.278"/>
  <testcase classname="com.parabank.automation.runner.TestRunner" name="runScenario" time="4.392"/>
  <testcase classname="com.parabank.automation.runner.TestRunner" name="runScenario" time="3.862"/>
  <testcase classname="com.parabank.automation.runner.TestRunner" name="runScenario" time="8.430"/>
  <testcase classname="com.parabank.automation.runner.TestRunner" name="runScenario" time="2.716"/>
  <testcase classname="com.parabank.automation.runner.TestRunner" name="runScenario" time="4.199"/>
  <testcase classname="com.parabank.automation.runner.TestRunner" name="runScenario" time="6.022"/>
  <testcase classname="com.parabank.automation.runner.TestRunner" name="runScenario" time="3.750"/>
</testsuite> <!-- com.parabank.automation.runner.TestRunner -->
