<?xml version="1.0" encoding="UTF-8"?>
<!-- Generated by org.testng.reporters.JUnitReportReporter -->
<testsuite hostname="DESKTOP-30PD3D5" failures="0" tests="10" name="com.parabank.automation.runner.TestRunner" time="42.009" errors="0" timestamp="2026-09-13T00:09:30 CDT" skipped="0">
  <testcase classname="com.parabank.automation.runner.TestRunner" name="runScenario" time="3.144"/>
  <testcase classname="com.parabank.automation.runner.TestRunner" name="runScenario" time="3.308"/>
  <testcase classname="com.parabank.automation.runner.TestRunner" name="runScenario" time="3.859"/>
  <testcase classname="com.parabank.automation.runner.TestRunner" name="runScenario" time="3.188"/>
  <testcase classname="com.parabank.automation.runner.TestRunner" name="runScenario" time="3.794"/>
  <testcase classname="com.parabank.automation.runner.TestRunner" name="runScenario" time="7.251"/>
  <testcase classname="com.parabank.automation.runner.TestRunner" name="runScenario" time="2.640"/>
  <testcase classname="com.parabank.automation.runner.TestRunner" name="runScenario" time="4.589"/>
  <testcase classname="com.parabank.automation.runner.TestRunner" name="runScenario" time="5.771"/>
  <testcase classname="com.parabank.automation.runner.TestRunner" name="runScenario" time="4.465"/>
</testsuite> <!-- com.parabank.automation.runner.TestRunner -->
